"drag-rfile"
"Time Step" "drag etc.."
("Time Step" "drag" "flow-time")
0 -2.498243 0
1 -323.4612 0.01
2 -23.78873 0.018
3 -6.638941 0.0244
4 -30.55453 0.02952
5 -55.48017 0.03419892
6 -49.5355 0.0386743
7 -38.96967 0.04302311
8 -36.04417 0.0473212
9 -37.81165 0.05158296
10 -38.92985 0.05579154
11 -38.08468 0.05994364
12 -36.91298 0.06404996
13 -36.42248 0.0681188
14 -36.26627 0.07215577
15 -36.12352 0.0761676
16 -36.05084 0.08015992
17 -35.78041 0.08413619
18 -35.70423 0.08809766
19 -35.60212 0.09204517
20 -35.56722 0.09598115
21 -35.65005 0.0999053
22 -35.65389 0.1038207
23 -35.60557 0.1077288
24 -35.64576 0.1116308
25 -35.73763 0.1155279
26 -35.90123 0.1194212
27 -35.89566 0.1233095
28 -36.01344 0.1271957
29 -36.12875 0.1310802
30 -36.20209 0.1349624
31 -36.35561 0.1388443
32 -36.47545 0.1427263
33 -36.60971 0.1466085
34 -36.78503 0.1504932
35 -36.88326 0.1543821
36 -37.05036 0.1582727
37 -37.18591 0.1621676
38 -37.31919 0.166067
39 -37.5496 0.1699711
40 -37.70851 0.1738794
41 -37.87558 0.177792
42 -37.96695 0.1817088
43 -38.19694 0.1856302
44 -38.37685 0.1895558
45 -38.57107 0.1934873
46 -38.77668 0.1974254
47 -38.9136 0.2013703
48 -39.13002 0.2053224
49 -39.3229 0.2092804
50 -39.49675 0.2132433
51 -39.73352 0.2172102
52 -39.93401 0.2211795
53 -40.11449 0.2251503
54 -40.34971 0.2291218
55 -40.50909 0.2330929
56 -40.75906 0.2370631
57 -40.96152 0.2410316
58 -41.17286 0.2449977
59 -41.38394 0.248961
60 -41.59517 0.252921
61 -41.8741 0.2568773
62 -42.04522 0.2608292
63 -42.25253 0.2647767
64 -42.47242 0.2687196
65 -42.70131 0.2726576
66 -42.90944 0.2765907
67 -43.15818 0.2805188
68 -43.36586 0.2844418
69 -43.58787 0.2883595
70 -43.81358 0.2922719
71 -44.04687 0.296179
72 -44.18878 0.3000806
73 -44.39917 0.3039771
74 -44.66703 0.3078685
75 -44.8712 0.3117544
76 -45.13983 0.315635
77 -45.29862 0.3195102
78 -45.44842 0.3233811
79 -45.67604 0.3272463
80 -45.93088 0.3311076
81 -46.13622 0.3349634
82 -46.29795 0.3388154
83 -46.48236 0.3426636
84 -46.68519 0.3465087
85 -46.86269 0.3503504
86 -47.0798 0.3541896
87 -47.19967 0.3580262
88 -47.42011 0.3618612
89 -47.56302 0.3656944
90 -47.73688 0.3695269
91 -47.91255 0.3733587
92 -48.11087 0.3771908
93 -48.24747 0.3810232
94 -48.45777 0.3848571
95 -48.56216 0.3886924
96 -48.77861 0.3925303
97 -48.88585 0.3963706
98 -49.0178 0.4002143
99 -49.16267 0.4040613
100 -49.32426 0.4079123
101 -49.46954 0.4117668
102 -49.6133 0.4156251
103 -49.75706 0.4194874
104 -49.89661 0.4233536
105 -50.03279 0.427224
106 -50.15736 0.4310982
107 -50.29593 0.4349764
108 -50.32721 0.4388585
109 -50.52323 0.4427448
110 -50.65038 0.4466349
111 -50.7688 0.4505288
112 -50.82227 0.4544265
113 -50.97255 0.4583282
114 -51.09754 0.4622337
115 -51.20008 0.4661427
116 -51.24159 0.4700552
117 -51.37724 0.4739714
118 -51.49358 0.477891
119 -51.58074 0.4818137
120 -51.64225 0.4857395
121 -51.7685 0.4896682
122 -51.86236 0.4935996
123 -51.88763 0.4975334
124 -51.99921 0.5014701
125 -52.09872 0.5054091
126 -52.16236 0.5093506
127 -52.25214 0.5132942
128 -52.27081 0.51724
129 -52.35779 0.5211883
130 -52.44234 0.5251384
131 -52.50459 0.5290905
132 -52.51045 0.5330446
133 -52.58792 0.537001
134 -52.66581 0.5409592
135 -52.72571 0.5449193
136 -52.78757 0.5488809
137 -52.78141 0.5528443
138 -52.8405 0.5568095
139 -52.89636 0.5607764
140 -52.94875 0.5647447
141 -52.9827 0.5687145
142 -52.98177 0.5726857
143 -53.02897 0.5766585
144 -53.07484 0.5806327
145 -53.1048 0.5846081
146 -53.15003 0.5885849
147 -53.1504 0.5925627
148 -53.16341 0.5965416
149 -53.19992 0.6005219
150 -53.25112 0.6045032
151 -53.26086 0.6084854
152 -53.29927 0.6124685
153 -53.31533 0.6164523
154 -53.29783 0.620437
155 -53.3295 0.6244227
156 -53.36943 0.6284091
157 -53.38468 0.6323962
158 -53.40882 0.6363838
159 -53.37176 0.640372
160 -53.40539 0.644361
161 -53.43312 0.6483506
162 -53.46561 0.6523406
163 -53.41527 0.6563309
164 -53.44689 0.660322
165 -53.48063 0.6643134
166 -53.50383 0.6683051
167 -53.45355 0.6722971
168 -53.48797 0.6762896
169 -53.45326 0.6802823
170 -53.49327 0.6842756
171 -53.50458 0.6882691
172 -53.48824 0.6922628
173 -53.4522 0.6962569
174 -53.49472 0.7002514
175 -53.46274 0.704246
176 -53.51877 0.7082411
177 -53.48029 0.7122362
178 -53.51276 0.7162317
179 -53.47036 0.7202272
180 -53.46927 0.7242231
181 -53.44416 0.7282193
182 -53.45595 0.7322158
183 -53.48661 0.7362126
184 -53.48645 0.7402094
185 -53.40984 0.7442064
186 -53.42223 0.7482039
187 -53.43763 0.7522017
188 -53.45105 0.7561998
189 -53.44933 0.760198
190 -53.45687 0.7641963
191 -53.45804 0.7681948
192 -53.41447 0.7721933
193 -53.41908 0.7761921
194 -53.4073 0.780191
195 -53.39323 0.7841903
196 -53.43485 0.7881899
197 -53.42223 0.7921897
198 -53.44891 0.7961896
199 -53.41769 0.8001896
200 -53.40344 0.8041897
201 -53.40172 0.8081902
202 -53.33606 0.812191
203 -53.382 0.8161924
204 -53.40448 0.8201942
205 -53.40724 0.8241961
206 -53.42759 0.8281983
207 -53.36298 0.8322007
208 -53.35686 0.8362038
209 -53.38367 0.8402075
210 -53.37983 0.8442115
211 -53.40743 0.8482161
212 -53.39981 0.852221
213 -53.33344 0.8562264
214 -53.35857 0.8602329
215 -53.36053 0.8642401
216 -53.40344 0.8682479
217 -53.40353 0.8722563
218 -53.43646 0.8762653
219 -53.40426 0.880275
220 -53.38812 0.8842856
221 -53.42268 0.8882972
222 -53.41663 0.8923095
223 -53.4231 0.8963228
224 -53.41811 0.9003371
225 -53.42139 0.9043524
226 -53.44218 0.9083687
227 -53.45278 0.912386
228 -53.4339 0.9164044
229 -53.45023 0.920424
230 -53.44524 0.9244448
231 -53.4911 0.9284669
232 -53.46034 0.9324902
233 -53.46772 0.9365148
234 -53.47799 0.9405409
235 -53.48817 0.9445684
236 -53.50328 0.9485974
237 -53.51869 0.9526278
238 -53.54364 0.9566596
239 -53.50863 0.9606929
240 -53.54795 0.9647279
241 -53.538 0.9687644
242 -53.55897 0.9728026
243 -53.57246 0.9768423
244 -53.57874 0.9808838
245 -53.57358 0.9849271
246 -53.59347 0.9889721
247 -53.61238 0.993019
248 -53.63023 0.9970677
249 -53.60395 1.001118
250 -53.63972 1.005171
251 -53.68888 1.009225
252 -53.65882 1.013282
253 -53.65099 1.01734
254 -53.7 1.021401
255 -53.70872 1.025463
256 -53.71635 1.029528
257 -53.72607 1.033595
258 -53.74115 1.037664
259 -53.75992 1.041735
260 -53.78783 1.045809
261 -53.79915 1.049885
262 -53.81628 1.053963
263 -53.79267 1.058043
264 -53.82662 1.062126
265 -53.82565 1.066212
266 -53.86299 1.0703
267 -53.85718 1.074391
268 -53.89976 1.078484
269 -53.89352 1.08258
270 -53.89441 1.086678
271 -53.90084 1.09078
272 -53.91354 1.094884
273 -53.97371 1.098991
274 -53.97607 1.103101
275 -53.97502 1.107213
276 -53.9427 1.111329
277 -53.97911 1.115448
278 -53.99218 1.11957
279 -54.01808 1.123694
280 -54.01607 1.127822
281 -54.05704 1.131953
282 -54.07292 1.136087
283 -54.04209 1.140224
284 -54.07047 1.144365
285 -54.09894 1.148508
286 -54.07931 1.152655
287 -54.1078 1.156805
288 -54.13455 1.160959
289 -54.15601 1.165115
290 -54.13331 1.169275
291 -54.15783 1.173438
292 -54.14123 1.177605
293 -54.18408 1.181775
294 -54.1954 1.185948
295 -54.22213 1.190125
296 -54.19654 1.194305
297 -54.22402 1.198488
298 -54.25154 1.202675
299 -54.23187 1.206865
300 -54.25062 1.211058
301 -54.27708 1.215255
302 -54.29968 1.219455
303 -54.31912 1.223659
304 -54.32439 1.227865
305 -54.33289 1.232075
306 -54.34581 1.236289
307 -54.36017 1.240505
308 -54.35783 1.244725
309 -54.36995 1.248948
310 -54.38428 1.253174
311 -54.38988 1.257403
312 -54.4016 1.261636
313 -54.45242 1.265872
314 -54.45288 1.270111
315 -54.48587 1.274353
316 -54.47781 1.278598
317 -54.46771 1.282846
318 -54.51154 1.287098
319 -54.54254 1.291352
320 -54.56915 1.295609
321 -54.53749 1.299869
322 -54.5687 1.304132
323 -54.5929 1.308398
324 -54.60577 1.312666
325 -54.66484 1.316938
326 -54.66235 1.321212
327 -54.65313 1.325488
328 -54.66936 1.329768
329 -54.69733 1.33405
330 -54.69807 1.338335
331 -54.73061 1.342623
332 -54.76399 1.346913
333 -54.73234 1.351206
334 -54.76922 1.355501
335 -54.78696 1.359799
336 -54.8105 1.3641
337 -54.85811 1.368402
338 -54.85459 1.372707
339 -54.84525 1.377014
340 -54.85759 1.381324
341 -54.87996 1.385636
342 -54.92633 1.38995
343 -54.88971 1.394266
344 -54.92337 1.398584
345 -54.94044 1.402904
346 -54.9581 1.407227
347 -54.95828 1.411551
348 -55.0081 1.415877
349 -54.99331 1.420205
350 -55.00266 1.424535
351 -55.01389 1.428866
352 -55.00876 1.433199
353 -55.02973 1.437534
354 -55.0433 1.441871
355 -55.02365 1.446208
356 -55.04934 1.450548
357 -55.09435 1.454889
358 -55.09563 1.459232
359 -55.0732 1.463575
360 -55.07936 1.46792
361 -55.10358 1.472267
362 -55.09747 1.476614
363 -55.10525 1.480963
364 -55.13401 1.485313
365 -55.09389 1.489664
366 -55.11745 1.494017
367 -55.11658 1.49837
368 -55.14804 1.502724
369 -55.14717 1.507078
370 -55.14344 1.511434
371 -55.11689 1.51579
372 -55.11523 1.520147
373 -55.13641 1.524505
374 -55.15899 1.528863
375 -55.11947 1.533221
376 -55.14066 1.53758
377 -55.13397 1.54194
378 -55.14631 1.546299
379 -55.08785 1.550659
380 -55.11648 1.555019
381 -55.1333 1.55938
382 -55.12988 1.56374
383 -55.10061 1.5681
384 -55.09903 1.572461
385 -55.06541 1.576821
386 -55.10572 1.581181
387 -55.0673 1.585541
388 -55.0932 1.589901
389 -55.04401 1.59426
390 -55.03238 1.59862
391 -55.02733 1.602979
392 -55.03949 1.607338
393 -55.02319 1.611696
394 -54.9922 1.616054
395 -54.97453 1.620412
396 -54.9827 1.624769
397 -54.95979 1.629126
398 -54.95209 1.633482
399 -54.8814 1.637838
400 -54.87498 1.642193
401 -54.87054 1.646549
402 -54.86806 1.650903
403 -54.83842 1.655257
404 -54.86174 1.65961
405 -54.81208 1.663963
406 -54.75869 1.668315
407 -54.7412 1.672666
408 -54.74099 1.677017
409 -54.70772 1.681367
410 -54.66203 1.685716
411 -54.64479 1.690065
412 -54.61728 1.694413
413 -54.56863 1.69876
414 -54.59349 1.703107
415 -54.55104 1.707453
416 -54.50735 1.711798
417 -54.45151 1.716142
418 -54.41858 1.720486
419 -54.40598 1.72483
420 -54.39478 1.729172
421 -54.36054 1.733513
422 -54.31442 1.737854
423 -54.25002 1.742194
424 -54.23177 1.746534
425 -54.20272 1.750872
426 -54.15776 1.75521
427 -54.14657 1.759547
428 -54.09827 1.763883
429 -54.01642 1.768218
430 -54.01128 1.772553
431 -53.95361 1.776887
432 -53.93048 1.78122
433 -53.88315 1.785552
434 -53.83631 1.789884
435 -53.77744 1.794214
436 -53.7069 1.798545
437 -53.69402 1.802874
438 -53.64771 1.807203
439 -53.62659 1.811531
440 -53.57314 1.815859
441 -53.54478 1.820185
442 -53.44829 1.824511
443 -53.4272 1.828836
444 -53.40495 1.833161
445 -53.29813 1.837485
446 -53.28578 1.841808
447 -53.19998 1.84613
448 -53.19292 1.850452
449 -53.11428 1.854773
450 -53.09481 1.859094
451 -53.01855 1.863414
452 -52.96521 1.867733
453 -52.9411 1.872052
454 -52.86316 1.876369
455 -52.81639 1.880687
456 -52.74544 1.885003
457 -52.73091 1.88932
458 -52.70747 1.893636
459 -52.65269 1.897951
460 -52.61803 1.902265
461 -52.55099 1.906579
462 -52.50631 1.910892
463 -52.44145 1.915205
464 -52.39856 1.919517
465 -52.31115 1.923829
466 -52.27091 1.928141
467 -52.22345 1.932452
468 -52.18308 1.936763
469 -52.14862 1.941073
470 -52.09667 1.945383
471 -52.04258 1.949692
472 -51.98583 1.954002
473 -51.95497 1.958311
474 -51.86944 1.962619
475 -51.82658 1.966927
476 -51.78315 1.971236
477 -51.74234 1.975543
478 -51.69405 1.979851
479 -51.65149 1.984158
480 -51.60266 1.988465
481 -51.5351 1.992771
482 -51.47769 1.997078
483 -51.44644 2.001384
484 -51.36834 2.00569
485 -51.33451 2.009995
486 -51.27966 2.014301
487 -51.23754 2.018606
488 -51.17953 2.022912
489 -51.13396 2.027217
490 -51.08085 2.031521
491 -51.0241 2.035826
492 -50.96465 2.040131
493 -50.93173 2.044435
494 -50.88027 2.048739
495 -50.81071 2.053043
496 -50.76662 2.057348
497 -50.71614 2.061651
498 -50.66543 2.065955
499 -50.61528 2.070259
500 -50.56757 2.074563
501 -50.49732 2.078867
502 -50.46709 2.083171
503 -50.4243 2.087474
504 -50.38065 2.091778
505 -50.29543 2.096081
506 -50.25942 2.100385
507 -50.22051 2.104689
508 -50.13195 2.108992
509 -50.11102 2.113296
510 -50.07591 2.117599
511 -50.00722 2.121903
512 -49.95171 2.126206
513 -49.90551 2.13051
514 -49.84967 2.134814
515 -49.82046 2.139117
516 -49.76811 2.143421
517 -49.70289 2.147725
518 -49.67414 2.152029
519 -49.62646 2.156332
520 -49.5611 2.160636
521 -49.51191 2.16494
522 -49.46421 2.169244
523 -49.40764 2.173548
524 -49.36622 2.177852
525 -49.32803 2.182157
526 -49.27232 2.186461
527 -49.22977 2.190765
528 -49.19669 2.19507
529 -49.13924 2.199375
530 -49.10172 2.203679
531 -49.04534 2.207984
532 -48.98927 2.212289
533 -48.95607 2.216594
534 -48.89715 2.220899
535 -48.85565 2.225204
536 -48.81852 2.22951
537 -48.77045 2.233815
538 -48.73524 2.238121
539 -48.6831 2.242426
540 -48.65114 2.246732
541 -48.59763 2.251039
542 -48.57195 2.255345
543 -48.51702 2.259651
544 -48.46384 2.263958
545 -48.43552 2.268265
546 -48.38782 2.272571
547 -48.34123 2.276878
548 -48.31889 2.281185
549 -48.27441 2.285492
550 -48.22902 2.289799
551 -48.19123 2.294107
552 -48.13583 2.298414
553 -48.09877 2.302722
554 -48.06117 2.30703
555 -48.02497 2.311339
556 -47.98872 2.315647
557 -47.95506 2.319956
558 -47.9235 2.324264
559 -47.87228 2.328573
560 -47.85015 2.332882
561 -47.81977 2.337192
562 -47.78759 2.341501
563 -47.72749 2.34581
564 -47.70004 2.35012
565 -47.6727 2.35443
566 -47.64508 2.358741
567 -47.59422 2.363051
568 -47.5687 2.367361
569 -47.54692 2.371672
570 -47.49701 2.375982
571 -47.48233 2.380293
572 -47.45946 2.384604
573 -47.41347 2.388916
574 -47.39354 2.393227
575 -47.35046 2.397538
576 -47.33106 2.40185
577 -47.29389 2.406162
578 -47.27728 2.410474
579 -47.24167 2.414786
580 -47.20493 2.419099
581 -47.19368 2.423411
582 -47.16528 2.427724
583 -47.15235 2.432037
584 -47.11901 2.43635
585 -47.08169 2.440663
586 -47.05036 2.444977
587 -47.04857 2.449291
588 -47.01943 2.453604
589 -46.98925 2.457918
590 -46.96398 2.462232
591 -46.95991 2.466547
592 -46.9411 2.470861
593 -46.91588 2.475176
594 -46.8899 2.47949
595 -46.85942 2.483805
596 -46.84971 2.48812
597 -46.85207 2.492436
598 -46.842 2.496751
599 -46.80478 2.501066
600 -46.79424 2.505382
601 -46.77689 2.509698
602 -46.75761 2.514014
603 -46.73998 2.51833
604 -46.72653 2.522646
605 -46.71824 2.526962
606 -46.70042 2.531278
607 -46.68752 2.535595
608 -46.67744 2.539912
609 -46.66915 2.544229
610 -46.66189 2.548546
611 -46.65221 2.552863
612 -46.64212 2.55718
613 -46.61357 2.561497
614 -46.60484 2.565815
615 -46.59817 2.570133
616 -46.59676 2.574451
617 -46.59755 2.578769
618 -46.59615 2.583087
619 -46.59476 2.587405
620 -46.59148 2.591723
621 -46.59044 2.596042
622 -46.567 2.60036
623 -46.56108 2.604679
624 -46.55645 2.608998
625 -46.5677 2.613317
626 -46.56955 2.617635
627 -46.5746 2.621954
628 -46.56009 2.626273
629 -46.55648 2.630593
630 -46.55237 2.634912
631 -46.56696 2.639231
632 -46.57533 2.643551
633 -46.58919 2.64787
634 -46.56498 2.652189
635 -46.56945 2.656509
636 -46.56817 2.660829
637 -46.58682 2.665148
638 -46.57841 2.669468
639 -46.59076 2.673788
640 -46.5974 2.678108
641 -46.61141 2.682428
642 -46.61718 2.686748
643 -46.63603 2.691068
644 -46.62008 2.695388
645 -46.63629 2.699708
646 -46.64375 2.704028
647 -46.66703 2.708348
648 -46.68307 2.712668
649 -46.67498 2.716988
650 -46.68853 2.721309
651 -46.70569 2.725629
652 -46.72066 2.729949
653 -46.74001 2.73427
654 -46.75801 2.73859
655 -46.76557 2.74291
656 -46.76853 2.74723
657 -46.78284 2.751551
658 -46.80319 2.755871
659 -46.82867 2.760191
660 -46.84557 2.764512
661 -46.86419 2.768832
662 -46.88612 2.773152
663 -46.90282 2.777472
664 -46.92476 2.781792
665 -46.92144 2.786113
666 -46.94476 2.790433
667 -46.96361 2.794753
668 -46.99011 2.799073
669 -47.01082 2.803393
670 -47.03531 2.807713
671 -47.08353 2.812033
672 -47.10778 2.816353
673 -47.10407 2.820673
674 -47.1232 2.824993
675 -47.14479 2.829313
676 -47.17181 2.833632
677 -47.22108 2.837952
678 -47.2477 2.842272
679 -47.27106 2.846591
680 -47.29544 2.85091
681 -47.30348 2.855229
682 -47.33801 2.859549
683 -47.36086 2.863868
684 -47.38695 2.868187
685 -47.41394 2.872506
686 -47.46157 2.876825
687 -47.48976 2.881144
688 -47.50672 2.885463
689 -47.53821 2.889781
690 -47.59038 2.8941
691 -47.61327 2.898419
692 -47.63839 2.902737
693 -47.68295 2.907055
694 -47.71244 2.911373
695 -47.72399 2.915691
696 -47.75966 2.920009
697 -47.80124 2.924327
698 -47.82984 2.928645
699 -47.87764 2.932963
700 -47.90283 2.93728
701 -47.9506 2.941598
702 -47.97602 2.945915
703 -48.0196 2.950232
704 -48.04283 2.954549
705 -48.0882 2.958866
706 -48.11328 2.963182
707 -48.15751 2.967499
708 -48.20397 2.971815
709 -48.2274 2.976131
710 -48.2716 2.980447
711 -48.29175 2.984763
712 -48.33575 2.989079
713 -48.38258 2.993395
714 -48.42739 2.997711
715 -48.45092 3.002026
716 -48.49141 3.006341
717 -48.52769 3.010657
718 -48.5801 3.014971
719 -48.62549 3.019286
720 -48.67617 3.023601
721 -48.70419 3.027915
722 -48.72227 3.032229
723 -48.75925 3.036543
724 -48.81093 3.040857
725 -48.86821 3.045171
726 -48.902 3.049484
727 -48.95978 3.053797
728 -48.98729 3.05811
729 -49.02058 3.062423
730 -49.06686 3.066736
731 -49.09237 3.071048
732 -49.12966 3.075361
733 -49.17202 3.079673
734 -49.22639 3.083985
735 -49.27868 3.088297
736 -49.30489 3.092608
737 -49.35681 3.09692
738 -49.40232 3.101231
739 -49.42877 3.105542
740 -49.49052 3.109854
741 -49.51489 3.114164
742 -49.58569 3.118475
743 -49.60217 3.122785
744 -49.6598 3.127095
745 -49.68077 3.131405
746 -49.7419 3.135715
747 -49.78034 3.140024
748 -49.81169 3.144333
749 -49.85453 3.148642
750 -49.88417 3.152951
751 -49.92968 3.15726
752 -49.99417 3.161569
753 -50.03412 3.165877
754 -50.08895 3.170185
755 -50.10171 3.174493
756 -50.14899 3.178801
757 -50.18624 3.183108
758 -50.24291 3.187415
759 -50.27514 3.191722
760 -50.32714 3.196029
761 -50.35831 3.200336
762 -50.4048 3.204642
763 -50.43821 3.208948
764 -50.48386 3.213254
765 -50.51674 3.21756
766 -50.55238 3.221866
767 -50.58644 3.226171
768 -50.66588 3.230477
769 -50.69163 3.234782
770 -50.7262 3.239086
771 -50.77314 3.243391
772 -50.8153 3.247695
773 -50.83432 3.251999
774 -50.86367 3.256303
775 -50.91382 3.260607
776 -50.95147 3.26491
777 -50.99847 3.269214
778 -51.02963 3.273517
779 -51.07358 3.27782
780 -51.10415 3.282123
781 -51.14561 3.286425
782 -51.17416 3.290727
783 -51.21356 3.29503
784 -51.26914 3.299332
785 -51.27903 3.303633
786 -51.32861 3.307935
787 -51.3597 3.312236
788 -51.41767 3.316537
789 -51.41714 3.320838
790 -51.4512 3.325138
791 -51.47624 3.329439
792 -51.53601 3.333739
793 -51.56225 3.338039
794 -51.59789 3.342338
795 -51.626 3.346638
796 -51.66282 3.350937
797 -51.66297 3.355236
798 -51.69427 3.359535
799 -51.75636 3.363834
800 -51.77943 3.368132
801 -51.80832 3.372431
802 -51.82627 3.376729
803 -51.85639 3.381027
804 -51.8796 3.385324
805 -51.89644 3.389622
806 -51.95369 3.393919
807 -51.97007 3.398216
808 -51.98956 3.402513
809 -52.02631 3.40681
810 -52.05306 3.411106
811 -52.05125 3.415403
812 -52.10701 3.419699
813 -52.11502 3.423995
814 -52.12366 3.42829
815 -52.16956 3.432586
816 -52.17461 3.436881
817 -52.21391 3.441176
818 -52.21558 3.445471
819 -52.25448 3.449766
820 -52.25285 3.45406
821 -52.28813 3.458355
822 -52.31419 3.462649
823 -52.31625 3.466943
824 -52.34018 3.471236
825 -52.36425 3.47553
826 -52.3648 3.479823
827 -52.38732 3.484116
828 -52.40731 3.488409
829 -52.39593 3.492701
830 -52.42166 3.496994
831 -52.45423 3.501286
832 -52.46784 3.505578
833 -52.48084 3.50987
834 -52.46869 3.514161
835 -52.48573 3.518453
836 -52.48999 3.522744
837 -52.51316 3.527035
838 -52.5247 3.531326
839 -52.53974 3.535616
840 -52.53837 3.539907
841 -52.55604 3.544197
842 -52.56039 3.548487
843 -52.56757 3.552776
844 -52.57061 3.557066
845 -52.57326 3.561355
846 -52.57767 3.565644
847 -52.5832 3.569933
848 -52.57829 3.574222
849 -52.57843 3.57851
850 -52.58364 3.582799
851 -52.57761 3.587087
852 -52.57441 3.591375
853 -52.57443 3.595663
854 -52.5733 3.599951
855 -52.59533 3.604239
856 -52.59246 3.608526
857 -52.58608 3.612813
858 -52.57689 3.6171
859 -52.56774 3.621386
860 -52.5601 3.625673
861 -52.57188 3.629959
862 -52.56498 3.634245
863 -52.55285 3.638531
864 -52.54077 3.642817
865 -52.52552 3.647103
866 -52.54317 3.651388
867 -52.52743 3.655674
868 -52.50855 3.659959
869 -52.48984 3.664243
870 -52.47227 3.668528
871 -52.48085 3.672813
872 -52.46463 3.677098
873 -52.44767 3.681382
874 -52.45649 3.685666
875 -52.43563 3.68995
876 -52.4091 3.694234
877 -52.38499 3.698518
878 -52.38635 3.702801
879 -52.36606 3.707085
880 -52.3418 3.711368
881 -52.31756 3.715651
882 -52.31904 3.719934
883 -52.29445 3.724217
884 -52.26108 3.7285
885 -52.24332 3.732782
886 -52.24711 3.737065
887 -52.21967 3.741347
888 -52.18934 3.745629
889 -52.14296 3.749911
890 -52.15285 3.754193
891 -52.12709 3.758475
892 -52.09632 3.762756
893 -52.06846 3.767038
894 -52.06741 3.771319
895 -52.02958 3.7756
896 -52.00521 3.779881
897 -51.96888 3.784162
898 -51.92826 3.788443
899 -51.9231 3.792724
900 -51.89403 3.797004
901 -51.85835 3.801285
902 -51.82718 3.805565
903 -51.79537 3.809846
904 -51.76276 3.814126
905 -51.75327 3.818406
906 -51.71993 3.822686
907 -51.67736 3.826967
908 -51.64856 3.831246
909 -51.62131 3.835526
910 -51.58003 3.839806
911 -51.54131 3.844086
912 -51.51146 3.848366
913 -51.46075 3.852645
914 -51.44137 3.856925
915 -51.40945 3.861204
916 -51.37621 3.865484
917 -51.34626 3.869763
918 -51.30528 3.874043
919 -51.26882 3.878322
920 -51.23149 3.882601
921 -51.18917 3.88688
922 -51.13159 3.89116
923 -51.10067 3.895439
924 -51.06934 3.899718
925 -51.04047 3.903998
926 -51.0117 3.908277
927 -50.96776 3.912556
928 -50.9369 3.916835
929 -50.87004 3.921114
930 -50.83619 3.925394
931 -50.80358 3.929673
932 -50.75096 3.933952
933 -50.71482 3.938232
934 -50.68123 3.942511
935 -50.60568 3.94679
936 -50.58707 3.95107
937 -50.52152 3.955349
938 -50.50539 3.959629
939 -50.45387 3.963908
940 -50.42447 3.968188
941 -50.36872 3.972468
942 -50.33622 3.976748
943 -50.26716 3.981027
944 -50.24977 3.985307
945 -50.20046 3.989587
946 -50.15195 3.993867
947 -50.11977 3.998147
948 -50.06112 4.002427
949 -50.00603 4.006707
950 -49.96167 4.010988
951 -49.93475 4.015268
952 -49.8852 4.019549
953 -49.83715 4.023829
954 -49.78449 4.02811
955 -49.73637 4.032391
956 -49.67332 4.036672
957 -49.64418 4.040953
958 -49.5995 4.045235
959 -49.55427 4.049516
960 -49.49646 4.053798
961 -49.46652 4.058079
962 -49.42662 4.062361
963 -49.38084 4.066643
964 -49.30883 4.070925
965 -49.27162 4.075208
966 -49.23205 4.07949
967 -49.1933 4.083773
968 -49.12416 4.088055
969 -49.08665 4.092338
970 -49.05244 4.096621
971 -48.98762 4.100904
972 -48.95094 4.105187
973 -48.89505 4.109471
974 -48.8471 4.113754
975 -48.79856 4.118038
976 -48.76891 4.122322
977 -48.7142 4.126606
978 -48.65609 4.130889
979 -48.6186 4.135174
980 -48.57776 4.139458
981 -48.51818 4.143743
982 -48.4732 4.148027
983 -48.44922 4.152312
984 -48.39495 4.156597
985 -48.34523 4.160882
986 -48.29928 4.165167
987 -48.24908 4.169453
988 -48.20027 4.173738
989 -48.1612 4.178024
990 -48.11363 4.18231
991 -48.04198 4.186596
992 -48.00547 4.190883
993 -47.97026 4.19517
994 -47.93705 4.199457
995 -47.90051 4.203744
996 -47.86411 4.208032
997 -47.79503 4.212319
998 -47.76308 4.216607
999 -47.68991 4.220894
1000 -47.67172 4.225183
1001 -47.6437 4.229471
1002 -47.5885 4.233759
1003 -47.52927 4.238048
1004 -47.5054 4.242337
1005 -47.45125 4.246626
1006 -47.43249 4.250916
1007 -47.38479 4.255205
1008 -47.32757 4.259495
1009 -47.28414 4.263785
1010 -47.26349 4.268076
1011 -47.22379 4.272367
1012 -47.17198 4.276658
1013 -47.13295 4.280949
1014 -47.09251 4.28524
1015 -47.05001 4.289532
1016 -47.014 4.293824
1017 -46.9761 4.298117
1018 -46.94328 4.302409
1019 -46.91259 4.306702
1020 -46.87652 4.310995
1021 -46.84615 4.315289
1022 -46.81451 4.319582
1023 -46.74969 4.323876
1024 -46.72112 4.32817
1025 -46.69776 4.332465
1026 -46.64645 4.33676
1027 -46.62857 4.341055
1028 -46.59648 4.345351
1029 -46.53605 4.349647
1030 -46.50065 4.353943
1031 -46.48542 4.35824
1032 -46.47074 4.362537
1033 -46.43097 4.366834
1034 -46.38781 4.371132
1035 -46.37317 4.37543
1036 -46.33534 4.379728
1037 -46.293 4.384027
1038 -46.28348 4.388326
1039 -46.2529 4.392626
1040 -46.21827 4.396925
1041 -46.1809 4.401226
1042 -46.15486 4.405526
1043 -46.15563 4.409827
1044 -46.11891 4.414128
1045 -46.09983 4.41843
1046 -46.07542 4.422732
1047 -46.04222 4.427034
1048 -45.98788 4.431337
1049 -45.95962 4.435641
1050 -45.98619 4.439945
1051 -45.96557 4.444249
1052 -45.91474 4.448553
1053 -45.89621 4.452858
1054 -45.88192 4.457163
1055 -45.87271 4.461469
1056 -45.83411 4.465775
1057 -45.81778 4.470082
1058 -45.81367 4.47439
1059 -45.77824 4.478697
1060 -45.76725 4.483005
1061 -45.77265 4.487314
1062 -45.73392 4.491622
1063 -45.72527 4.495932
1064 -45.69682 4.500242
1065 -45.6954 4.504552
1066 -45.71086 4.508863
1067 -45.67799 4.513174
1068 -45.64812 4.517486
1069 -45.64531 4.521798
1070 -45.62956 4.52611
1071 -45.63327 4.530424
1072 -45.61506 4.534737
1073 -45.59943 4.539051
1074 -45.60576 4.543366
1075 -45.58656 4.547681
1076 -45.57852 4.551997
1077 -45.59021 4.556313
1078 -45.58327 4.560629
1079 -45.56968 4.564947
1080 -45.55905 4.569264
1081 -45.57751 4.573583
1082 -45.56857 4.577901
1083 -45.56593 4.582221
1084 -45.55304 4.58654
1085 -45.55029 4.59086
1086 -45.54653 4.595181
1087 -45.5707 4.599502
1088 -45.57024 4.603824
1089 -45.57054 4.608146
1090 -45.57423 4.612468
1091 -45.57019 4.616791
1092 -45.57081 4.621115
1093 -45.57808 4.625439
1094 -45.57883 4.629763
1095 -45.58607 4.634088
1096 -45.59063 4.638413
1097 -45.601 4.642739
1098 -45.61184 4.647066
1099 -45.62011 4.651392
1100 -45.6345 4.65572
1101 -45.64469 4.660048
1102 -45.65943 4.664376
1103 -45.66976 4.668705
1104 -45.6821 4.673035
1105 -45.69407 4.677365
1106 -45.7112 4.681696
1107 -45.72741 4.686027
1108 -45.74356 4.690358
1109 -45.76029 4.694689
1110 -45.78233 4.699021
1111 -45.78693 4.703354
1112 -45.813 4.707687
1113 -45.82996 4.71202
1114 -45.84525 4.716354
1115 -45.87174 4.720689
1116 -45.89624 4.725024
1117 -45.915 4.729359
1118 -45.93959 4.733695
1119 -45.96051 4.738031
1120 -45.98269 4.742368
1121 -46.00818 4.746706
1122 -46.03107 4.751043
1123 -46.05962 4.755382
1124 -46.08197 4.75972
1125 -46.10645 4.76406
1126 -46.13121 4.768399
1127 -46.15989 4.772739
1128 -46.18954 4.77708
1129 -46.21764 4.781421
1130 -46.24874 4.785763
1131 -46.31782 4.790104
1132 -46.33834 4.794446
1133 -46.3592 4.798789
1134 -46.38486 4.803131
1135 -46.41657 4.807474
1136 -46.44307 4.811818
1137 -46.47048 4.816162
1138 -46.53904 4.820506
1139 -46.56344 4.824851
1140 -46.5811 4.829196
1141 -46.62943 4.833542
1142 -46.67618 4.837889
1143 -46.7207 4.842235
1144 -46.74102 4.846582
1145 -46.79983 4.850929
1146 -46.82662 4.855277
1147 -46.8477 4.859624
1148 -46.9078 4.863973
1149 -46.94795 4.868321
1150 -47.00089 4.872671
1151 -47.0335 4.87702
1152 -47.08461 4.88137
1153 -47.12151 4.88572
1154 -47.17108 4.89007
1155 -47.20764 4.894421
1156 -47.24715 4.898772
1157 -47.31992 4.903123
1158 -47.34346 4.907475
1159 -47.4016 4.911827
1160 -47.44294 4.916179
1161 -47.47987 4.920532
1162 -47.53807 4.924885
1163 -47.58413 4.929238
1164 -47.63803 4.933591
1165 -47.69191 4.937945
1166 -47.75131 4.942299
1167 -47.79994 4.946653
1168 -47.81949 4.951007
1169 -47.86667 4.955362
1170 -47.95436 4.959717
1171 -47.9999 4.964072
1172 -48.04604 4.968428
1173 -48.09421 4.972783
1174 -48.13811 4.977139
1175 -48.18565 4.981495
1176 -48.23519 4.985852
1177 -48.30474 4.990209
1178 -48.35368 4.994565
1179 -48.4341 4.998922
1180 -68.44127 5.000922
